13:52:46.945 [main] ERROR o.s.boot.SpringApplication - Application run failed
java.lang.IllegalStateException: java.lang.IllegalStateException: Logback configuration error detected: 
ERROR in ch.qos.logback.core.model.processor.ModelInterpretationContext@7ca33c24 - Problem while parsing [%d {yyyy-MM-dd HH:mm:ss.SSS} %highlight(%-5Level) %magenta(%-4relative) --- [%thread{10}] %cyan(%logger{20}) : %msg%n{] java.lang.IllegalArgumentException: All tokens consumed but was expecting "}"
ERROR in ch.qos.logback.classic.PatternLayout("%d {yyyy-MM-dd HH:mm:ss.SSS} %highlight(%-5Level) %magenta(%-4relative) --- [%thread{10}] %cyan(%logger{20}) : %msg%n{") - Failed to parse pattern "%d {yyyy-MM-dd HH:mm:ss.SSS} %highlight(%-5Level) %magenta(%-4relative) --- [%thread{10}] %cyan(%logger{20}) : %msg%n{". ch.qos.logback.core.spi.ScanException: Unexpected end of pattern string
	at org.springframework.boot.context.logging.LoggingApplicationListener.initializeSystem(LoggingApplicationListener.java:347)
	at org.springframework.boot.context.logging.LoggingApplicationListener.initialize(LoggingApplicationListener.java:298)
	at org.springframework.boot.context.logging.LoggingApplicationListener.onApplicationEnvironmentPreparedEvent(LoggingApplicationListener.java:246)
	at org.springframework.boot.context.logging.LoggingApplicationListener.onApplicationEvent(LoggingApplicationListener.java:223)
	at org.springframework.context.event.SimpleApplicationEventMulticaster.doInvokeListener(SimpleApplicationEventMulticaster.java:174)
	at org.springframework.context.event.SimpleApplicationEventMulticaster.invokeListener(SimpleApplicationEventMulticaster.java:167)
	at org.springframework.context.event.SimpleApplicationEventMulticaster.multicastEvent(SimpleApplicationEventMulticaster.java:145)
	at org.springframework.context.event.SimpleApplicationEventMulticaster.multicastEvent(SimpleApplicationEventMulticaster.java:133)
	at org.springframework.boot.context.event.EventPublishingRunListener.multicastInitialEvent(EventPublishingRunListener.java:136)
	at org.springframework.boot.context.event.EventPublishingRunListener.environmentPrepared(EventPublishingRunListener.java:81)
	at org.springframework.boot.SpringApplicationRunListeners.lambda$environmentPrepared$2(SpringApplicationRunListeners.java:64)
	at java.base/java.lang.Iterable.forEach(Iterable.java:75)
	at org.springframework.boot.SpringApplicationRunListeners.doWithListeners(SpringApplicationRunListeners.java:118)
	at org.springframework.boot.SpringApplicationRunListeners.doWithListeners(SpringApplicationRunListeners.java:112)
	at org.springframework.boot.SpringApplicationRunListeners.environmentPrepared(SpringApplicationRunListeners.java:63)
	at org.springframework.boot.SpringApplication.prepareEnvironment(SpringApplication.java:360)
	at org.springframework.boot.SpringApplication.run(SpringApplication.java:311)
	at org.springframework.boot.SpringApplication.run(SpringApplication.java:1306)
	at org.springframework.boot.SpringApplication.run(SpringApplication.java:1295)
	at com.example.Dividends.DividendsApplication.main(DividendsApplication.java:29)
Caused by: java.lang.IllegalStateException: Logback configuration error detected: 
ERROR in ch.qos.logback.core.model.processor.ModelInterpretationContext@7ca33c24 - Problem while parsing [%d {yyyy-MM-dd HH:mm:ss.SSS} %highlight(%-5Level) %magenta(%-4relative) --- [%thread{10}] %cyan(%logger{20}) : %msg%n{] java.lang.IllegalArgumentException: All tokens consumed but was expecting "}"
ERROR in ch.qos.logback.classic.PatternLayout("%d {yyyy-MM-dd HH:mm:ss.SSS} %highlight(%-5Level) %magenta(%-4relative) --- [%thread{10}] %cyan(%logger{20}) : %msg%n{") - Failed to parse pattern "%d {yyyy-MM-dd HH:mm:ss.SSS} %highlight(%-5Level) %magenta(%-4relative) --- [%thread{10}] %cyan(%logger{20}) : %msg%n{". ch.qos.logback.core.spi.ScanException: Unexpected end of pattern string
	at org.springframework.boot.logging.logback.LogbackLoggingSystem.reportConfigurationErrorsIfNecessary(LogbackLoggingSystem.java:275)
	at org.springframework.boot.logging.logback.LogbackLoggingSystem.loadConfiguration(LogbackLoggingSystem.java:253)
	at org.springframework.boot.logging.AbstractLoggingSystem.initializeWithConventions(AbstractLoggingSystem.java:80)
	at org.springframework.boot.logging.AbstractLoggingSystem.initialize(AbstractLoggingSystem.java:60)
	at org.springframework.boot.logging.logback.LogbackLoggingSystem.initialize(LogbackLoggingSystem.java:189)
	at org.springframework.boot.context.logging.LoggingApplicationListener.initializeSystem(LoggingApplicationListener.java:332)
	... 19 common frames omitted
	Suppressed: java.lang.IllegalArgumentException: All tokens consumed but was expecting "}"
		at ch.qos.logback.core.subst.Parser.expectNotNull(Parser.java:160)
		at ch.qos.logback.core.subst.Parser.expectCurlyRight(Parser.java:165)
		at ch.qos.logback.core.subst.Parser.T(Parser.java:93)
		at ch.qos.logback.core.subst.Parser.E(Parser.java:58)
		at ch.qos.logback.core.subst.Parser.Eopt(Parser.java:75)
		at ch.qos.logback.core.subst.Parser.E(Parser.java:62)
		at ch.qos.logback.core.subst.Parser.Eopt(Parser.java:75)
		at ch.qos.logback.core.subst.Parser.E(Parser.java:62)
		at ch.qos.logback.core.subst.Parser.Eopt(Parser.java:75)
		at ch.qos.logback.core.subst.Parser.E(Parser.java:62)
		at ch.qos.logback.core.subst.Parser.Eopt(Parser.java:75)
		at ch.qos.logback.core.subst.Parser.E(Parser.java:62)
		at ch.qos.logback.core.subst.Parser.Eopt(Parser.java:75)
		at ch.qos.logback.core.subst.Parser.E(Parser.java:62)
		at ch.qos.logback.core.subst.Parser.Eopt(Parser.java:75)
		at ch.qos.logback.core.subst.Parser.E(Parser.java:62)
		at ch.qos.logback.core.subst.Parser.Eopt(Parser.java:75)
		at ch.qos.logback.core.subst.Parser.E(Parser.java:62)
		at ch.qos.logback.core.subst.Parser.Eopt(Parser.java:75)
		at ch.qos.logback.core.subst.Parser.E(Parser.java:62)
		at ch.qos.logback.core.subst.Parser.parse(Parser.java:54)
		at ch.qos.logback.core.subst.NodeToStringTransformer.tokenizeAndParseString(NodeToStringTransformer.java:59)
		at ch.qos.logback.core.subst.NodeToStringTransformer.substituteVariable(NodeToStringTransformer.java:50)
		at ch.qos.logback.core.util.OptionHelper.substVars(OptionHelper.java:112)
		at ch.qos.logback.core.model.processor.ModelInterpretationContext.subst(ModelInterpretationContext.java:158)
		at ch.qos.logback.core.model.processor.ImplicitModelHandler.doBasicProperty(ImplicitModelHandler.java:105)
		at ch.qos.logback.core.model.processor.ImplicitModelHandler.handle(ImplicitModelHandler.java:86)
		at ch.qos.logback.core.model.processor.DefaultProcessor.secondPhaseTraverse(DefaultProcessor.java:241)
		at ch.qos.logback.core.model.processor.DefaultProcessor.secondPhaseTraverse(DefaultProcessor.java:253)
		at ch.qos.logback.core.model.processor.DefaultProcessor.secondPhaseTraverse(DefaultProcessor.java:253)
		at ch.qos.logback.core.model.processor.DefaultProcessor.secondPhaseTraverse(DefaultProcessor.java:253)
		at ch.qos.logback.core.model.processor.DefaultProcessor.traversalLoop(DefaultProcessor.java:90)
		at ch.qos.logback.core.model.processor.DefaultProcessor.process(DefaultProcessor.java:106)
		at ch.qos.logback.core.joran.GenericXMLConfigurator.processModel(GenericXMLConfigurator.java:208)
		at org.springframework.boot.logging.logback.SpringBootJoranConfigurator.processModel(SpringBootJoranConfigurator.java:122)
		at ch.qos.logback.core.joran.GenericXMLConfigurator.doConfigure(GenericXMLConfigurator.java:170)
		at ch.qos.logback.core.joran.GenericXMLConfigurator.doConfigure(GenericXMLConfigurator.java:122)
		at ch.qos.logback.core.joran.GenericXMLConfigurator.doConfigure(GenericXMLConfigurator.java:65)
		at org.springframework.boot.logging.logback.LogbackLoggingSystem.configureByResourceUrl(LogbackLoggingSystem.java:285)
		at org.springframework.boot.logging.logback.LogbackLoggingSystem.lambda$loadConfiguration$1(LogbackLoggingSystem.java:247)
		at org.springframework.boot.logging.logback.LogbackLoggingSystem.withLoggingSuppressed(LogbackLoggingSystem.java:460)
		at org.springframework.boot.logging.logback.LogbackLoggingSystem.loadConfiguration(LogbackLoggingSystem.java:242)
		... 23 common frames omitted
	Suppressed: ch.qos.logback.core.spi.ScanException: Unexpected end of pattern string
		at ch.qos.logback.core.pattern.parser.TokenStream.tokenize(TokenStream.java:120)
		at ch.qos.logback.core.pattern.parser.Parser.<init>(Parser.java:69)
		at ch.qos.logback.core.pattern.parser.Parser.<init>(Parser.java:63)
		at ch.qos.logback.core.pattern.PatternLayoutBase.start(PatternLayoutBase.java:80)
		at ch.qos.logback.classic.encoder.PatternLayoutEncoder.start(PatternLayoutEncoder.java:28)
		at ch.qos.logback.core.model.processor.ImplicitModelHandler.postHandleComplex(ImplicitModelHandler.java:208)
		at ch.qos.logback.core.model.processor.ImplicitModelHandler.postHandle(ImplicitModelHandler.java:186)
		at ch.qos.logback.core.model.processor.DefaultProcessor.secondPhaseTraverse(DefaultProcessor.java:257)
		at ch.qos.logback.core.model.processor.DefaultProcessor.secondPhaseTraverse(DefaultProcessor.java:253)
		at ch.qos.logback.core.model.processor.DefaultProcessor.secondPhaseTraverse(DefaultProcessor.java:253)
		at ch.qos.logback.core.model.processor.DefaultProcessor.traversalLoop(DefaultProcessor.java:90)
		at ch.qos.logback.core.model.processor.DefaultProcessor.process(DefaultProcessor.java:106)
		at ch.qos.logback.core.joran.GenericXMLConfigurator.processModel(GenericXMLConfigurator.java:208)
		at org.springframework.boot.logging.logback.SpringBootJoranConfigurator.processModel(SpringBootJoranConfigurator.java:122)
		at ch.qos.logback.core.joran.GenericXMLConfigurator.doConfigure(GenericXMLConfigurator.java:170)
		at ch.qos.logback.core.joran.GenericXMLConfigurator.doConfigure(GenericXMLConfigurator.java:122)
		at ch.qos.logback.core.joran.GenericXMLConfigurator.doConfigure(GenericXMLConfigurator.java:65)
		at org.springframework.boot.logging.logback.LogbackLoggingSystem.configureByResourceUrl(LogbackLoggingSystem.java:285)
		at org.springframework.boot.logging.logback.LogbackLoggingSystem.lambda$loadConfiguration$1(LogbackLoggingSystem.java:247)
		at org.springframework.boot.logging.logback.LogbackLoggingSystem.withLoggingSuppressed(LogbackLoggingSystem.java:460)
		at org.springframework.boot.logging.logback.LogbackLoggingSystem.loadConfiguration(LogbackLoggingSystem.java:242)
		... 23 common frames omitted
13:54:14.324 [main] ERROR o.s.boot.SpringApplication - Application run failed
java.lang.IllegalStateException: java.lang.IllegalStateException: Logback configuration error detected: 
ERROR in ch.qos.logback.core.model.processor.ModelInterpretationContext@7ca33c24 - Problem while parsing [%d {yyyy-MM-dd HH:mm:ss.SSS} %highlight(%-5Level) (%-4relative) --- [%thread{10}] (%logger{20}) : %msg%n{] java.lang.IllegalArgumentException: All tokens consumed but was expecting "}"
ERROR in ch.qos.logback.classic.PatternLayout("%d {yyyy-MM-dd HH:mm:ss.SSS} %highlight(%-5Level) (%-4relative) --- [%thread{10}] (%logger{20}) : %msg%n{") - Failed to parse pattern "%d {yyyy-MM-dd HH:mm:ss.SSS} %highlight(%-5Level) (%-4relative) --- [%thread{10}] (%logger{20}) : %msg%n{". ch.qos.logback.core.spi.ScanException: Unexpected end of pattern string
	at org.springframework.boot.context.logging.LoggingApplicationListener.initializeSystem(LoggingApplicationListener.java:347)
	at org.springframework.boot.context.logging.LoggingApplicationListener.initialize(LoggingApplicationListener.java:298)
	at org.springframework.boot.context.logging.LoggingApplicationListener.onApplicationEnvironmentPreparedEvent(LoggingApplicationListener.java:246)
	at org.springframework.boot.context.logging.LoggingApplicationListener.onApplicationEvent(LoggingApplicationListener.java:223)
	at org.springframework.context.event.SimpleApplicationEventMulticaster.doInvokeListener(SimpleApplicationEventMulticaster.java:174)
	at org.springframework.context.event.SimpleApplicationEventMulticaster.invokeListener(SimpleApplicationEventMulticaster.java:167)
	at org.springframework.context.event.SimpleApplicationEventMulticaster.multicastEvent(SimpleApplicationEventMulticaster.java:145)
	at org.springframework.context.event.SimpleApplicationEventMulticaster.multicastEvent(SimpleApplicationEventMulticaster.java:133)
	at org.springframework.boot.context.event.EventPublishingRunListener.multicastInitialEvent(EventPublishingRunListener.java:136)
	at org.springframework.boot.context.event.EventPublishingRunListener.environmentPrepared(EventPublishingRunListener.java:81)
	at org.springframework.boot.SpringApplicationRunListeners.lambda$environmentPrepared$2(SpringApplicationRunListeners.java:64)
	at java.base/java.lang.Iterable.forEach(Iterable.java:75)
	at org.springframework.boot.SpringApplicationRunListeners.doWithListeners(SpringApplicationRunListeners.java:118)
	at org.springframework.boot.SpringApplicationRunListeners.doWithListeners(SpringApplicationRunListeners.java:112)
	at org.springframework.boot.SpringApplicationRunListeners.environmentPrepared(SpringApplicationRunListeners.java:63)
	at org.springframework.boot.SpringApplication.prepareEnvironment(SpringApplication.java:360)
	at org.springframework.boot.SpringApplication.run(SpringApplication.java:311)
	at org.springframework.boot.SpringApplication.run(SpringApplication.java:1306)
	at org.springframework.boot.SpringApplication.run(SpringApplication.java:1295)
	at com.example.Dividends.DividendsApplication.main(DividendsApplication.java:29)
Caused by: java.lang.IllegalStateException: Logback configuration error detected: 
ERROR in ch.qos.logback.core.model.processor.ModelInterpretationContext@7ca33c24 - Problem while parsing [%d {yyyy-MM-dd HH:mm:ss.SSS} %highlight(%-5Level) (%-4relative) --- [%thread{10}] (%logger{20}) : %msg%n{] java.lang.IllegalArgumentException: All tokens consumed but was expecting "}"
ERROR in ch.qos.logback.classic.PatternLayout("%d {yyyy-MM-dd HH:mm:ss.SSS} %highlight(%-5Level) (%-4relative) --- [%thread{10}] (%logger{20}) : %msg%n{") - Failed to parse pattern "%d {yyyy-MM-dd HH:mm:ss.SSS} %highlight(%-5Level) (%-4relative) --- [%thread{10}] (%logger{20}) : %msg%n{". ch.qos.logback.core.spi.ScanException: Unexpected end of pattern string
	at org.springframework.boot.logging.logback.LogbackLoggingSystem.reportConfigurationErrorsIfNecessary(LogbackLoggingSystem.java:275)
	at org.springframework.boot.logging.logback.LogbackLoggingSystem.loadConfiguration(LogbackLoggingSystem.java:253)
	at org.springframework.boot.logging.AbstractLoggingSystem.initializeWithConventions(AbstractLoggingSystem.java:80)
	at org.springframework.boot.logging.AbstractLoggingSystem.initialize(AbstractLoggingSystem.java:60)
	at org.springframework.boot.logging.logback.LogbackLoggingSystem.initialize(LogbackLoggingSystem.java:189)
	at org.springframework.boot.context.logging.LoggingApplicationListener.initializeSystem(LoggingApplicationListener.java:332)
	... 19 common frames omitted
	Suppressed: java.lang.IllegalArgumentException: All tokens consumed but was expecting "}"
		at ch.qos.logback.core.subst.Parser.expectNotNull(Parser.java:160)
		at ch.qos.logback.core.subst.Parser.expectCurlyRight(Parser.java:165)
		at ch.qos.logback.core.subst.Parser.T(Parser.java:93)
		at ch.qos.logback.core.subst.Parser.E(Parser.java:58)
		at ch.qos.logback.core.subst.Parser.Eopt(Parser.java:75)
		at ch.qos.logback.core.subst.Parser.E(Parser.java:62)
		at ch.qos.logback.core.subst.Parser.Eopt(Parser.java:75)
		at ch.qos.logback.core.subst.Parser.E(Parser.java:62)
		at ch.qos.logback.core.subst.Parser.Eopt(Parser.java:75)
		at ch.qos.logback.core.subst.Parser.E(Parser.java:62)
		at ch.qos.logback.core.subst.Parser.Eopt(Parser.java:75)
		at ch.qos.logback.core.subst.Parser.E(Parser.java:62)
		at ch.qos.logback.core.subst.Parser.Eopt(Parser.java:75)
		at ch.qos.logback.core.subst.Parser.E(Parser.java:62)
		at ch.qos.logback.core.subst.Parser.Eopt(Parser.java:75)
		at ch.qos.logback.core.subst.Parser.E(Parser.java:62)
		at ch.qos.logback.core.subst.Parser.Eopt(Parser.java:75)
		at ch.qos.logback.core.subst.Parser.E(Parser.java:62)
		at ch.qos.logback.core.subst.Parser.Eopt(Parser.java:75)
		at ch.qos.logback.core.subst.Parser.E(Parser.java:62)
		at ch.qos.logback.core.subst.Parser.parse(Parser.java:54)
		at ch.qos.logback.core.subst.NodeToStringTransformer.tokenizeAndParseString(NodeToStringTransformer.java:59)
		at ch.qos.logback.core.subst.NodeToStringTransformer.substituteVariable(NodeToStringTransformer.java:50)
		at ch.qos.logback.core.util.OptionHelper.substVars(OptionHelper.java:112)
		at ch.qos.logback.core.model.processor.ModelInterpretationContext.subst(ModelInterpretationContext.java:158)
		at ch.qos.logback.core.model.processor.ImplicitModelHandler.doBasicProperty(ImplicitModelHandler.java:105)
		at ch.qos.logback.core.model.processor.ImplicitModelHandler.handle(ImplicitModelHandler.java:86)
		at ch.qos.logback.core.model.processor.DefaultProcessor.secondPhaseTraverse(DefaultProcessor.java:241)
		at ch.qos.logback.core.model.processor.DefaultProcessor.secondPhaseTraverse(DefaultProcessor.java:253)
		at ch.qos.logback.core.model.processor.DefaultProcessor.secondPhaseTraverse(DefaultProcessor.java:253)
		at ch.qos.logback.core.model.processor.DefaultProcessor.secondPhaseTraverse(DefaultProcessor.java:253)
		at ch.qos.logback.core.model.processor.DefaultProcessor.traversalLoop(DefaultProcessor.java:90)
		at ch.qos.logback.core.model.processor.DefaultProcessor.process(DefaultProcessor.java:106)
		at ch.qos.logback.core.joran.GenericXMLConfigurator.processModel(GenericXMLConfigurator.java:208)
		at org.springframework.boot.logging.logback.SpringBootJoranConfigurator.processModel(SpringBootJoranConfigurator.java:122)
		at ch.qos.logback.core.joran.GenericXMLConfigurator.doConfigure(GenericXMLConfigurator.java:170)
		at ch.qos.logback.core.joran.GenericXMLConfigurator.doConfigure(GenericXMLConfigurator.java:122)
		at ch.qos.logback.core.joran.GenericXMLConfigurator.doConfigure(GenericXMLConfigurator.java:65)
		at org.springframework.boot.logging.logback.LogbackLoggingSystem.configureByResourceUrl(LogbackLoggingSystem.java:285)
		at org.springframework.boot.logging.logback.LogbackLoggingSystem.lambda$loadConfiguration$1(LogbackLoggingSystem.java:247)
		at org.springframework.boot.logging.logback.LogbackLoggingSystem.withLoggingSuppressed(LogbackLoggingSystem.java:460)
		at org.springframework.boot.logging.logback.LogbackLoggingSystem.loadConfiguration(LogbackLoggingSystem.java:242)
		... 23 common frames omitted
	Suppressed: ch.qos.logback.core.spi.ScanException: Unexpected end of pattern string
		at ch.qos.logback.core.pattern.parser.TokenStream.tokenize(TokenStream.java:120)
		at ch.qos.logback.core.pattern.parser.Parser.<init>(Parser.java:69)
		at ch.qos.logback.core.pattern.parser.Parser.<init>(Parser.java:63)
		at ch.qos.logback.core.pattern.PatternLayoutBase.start(PatternLayoutBase.java:80)
		at ch.qos.logback.classic.encoder.PatternLayoutEncoder.start(PatternLayoutEncoder.java:28)
		at ch.qos.logback.core.model.processor.ImplicitModelHandler.postHandleComplex(ImplicitModelHandler.java:208)
		at ch.qos.logback.core.model.processor.ImplicitModelHandler.postHandle(ImplicitModelHandler.java:186)
		at ch.qos.logback.core.model.processor.DefaultProcessor.secondPhaseTraverse(DefaultProcessor.java:257)
		at ch.qos.logback.core.model.processor.DefaultProcessor.secondPhaseTraverse(DefaultProcessor.java:253)
		at ch.qos.logback.core.model.processor.DefaultProcessor.secondPhaseTraverse(DefaultProcessor.java:253)
		at ch.qos.logback.core.model.processor.DefaultProcessor.traversalLoop(DefaultProcessor.java:90)
		at ch.qos.logback.core.model.processor.DefaultProcessor.process(DefaultProcessor.java:106)
		at ch.qos.logback.core.joran.GenericXMLConfigurator.processModel(GenericXMLConfigurator.java:208)
		at org.springframework.boot.logging.logback.SpringBootJoranConfigurator.processModel(SpringBootJoranConfigurator.java:122)
		at ch.qos.logback.core.joran.GenericXMLConfigurator.doConfigure(GenericXMLConfigurator.java:170)
		at ch.qos.logback.core.joran.GenericXMLConfigurator.doConfigure(GenericXMLConfigurator.java:122)
		at ch.qos.logback.core.joran.GenericXMLConfigurator.doConfigure(GenericXMLConfigurator.java:65)
		at org.springframework.boot.logging.logback.LogbackLoggingSystem.configureByResourceUrl(LogbackLoggingSystem.java:285)
		at org.springframework.boot.logging.logback.LogbackLoggingSystem.lambda$loadConfiguration$1(LogbackLoggingSystem.java:247)
		at org.springframework.boot.logging.logback.LogbackLoggingSystem.withLoggingSuppressed(LogbackLoggingSystem.java:460)
		at org.springframework.boot.logging.logback.LogbackLoggingSystem.loadConfiguration(LogbackLoggingSystem.java:242)
		... 23 common frames omitted
13:54:39.558 [main] ERROR o.s.boot.SpringApplication - Application run failed
java.lang.IllegalStateException: java.lang.IllegalStateException: Logback configuration error detected: 
ERROR in ch.qos.logback.core.model.processor.ModelInterpretationContext@7ca33c24 - Problem while parsing [%d{yyyy-MM-dd HH:mm:ss.SSS} %highlight(%-5Level) %magenta(%-4relative) --- [ %thread{10} ] %cyan(%logger{20}) : %msg%n{] java.lang.IllegalArgumentException: All tokens consumed but was expecting "}"
ERROR in ch.qos.logback.classic.PatternLayout("%d{yyyy-MM-dd HH:mm:ss.SSS} %highlight(%-5Level) %magenta(%-4relative) --- [ %thread{10} ] %cyan(%logger{20}) : %msg%n{") - Failed to parse pattern "%d{yyyy-MM-dd HH:mm:ss.SSS} %highlight(%-5Level) %magenta(%-4relative) --- [ %thread{10} ] %cyan(%logger{20}) : %msg%n{". ch.qos.logback.core.spi.ScanException: Unexpected end of pattern string
	at org.springframework.boot.context.logging.LoggingApplicationListener.initializeSystem(LoggingApplicationListener.java:347)
	at org.springframework.boot.context.logging.LoggingApplicationListener.initialize(LoggingApplicationListener.java:298)
	at org.springframework.boot.context.logging.LoggingApplicationListener.onApplicationEnvironmentPreparedEvent(LoggingApplicationListener.java:246)
	at org.springframework.boot.context.logging.LoggingApplicationListener.onApplicationEvent(LoggingApplicationListener.java:223)
	at org.springframework.context.event.SimpleApplicationEventMulticaster.doInvokeListener(SimpleApplicationEventMulticaster.java:174)
	at org.springframework.context.event.SimpleApplicationEventMulticaster.invokeListener(SimpleApplicationEventMulticaster.java:167)
	at org.springframework.context.event.SimpleApplicationEventMulticaster.multicastEvent(SimpleApplicationEventMulticaster.java:145)
	at org.springframework.context.event.SimpleApplicationEventMulticaster.multicastEvent(SimpleApplicationEventMulticaster.java:133)
	at org.springframework.boot.context.event.EventPublishingRunListener.multicastInitialEvent(EventPublishingRunListener.java:136)
	at org.springframework.boot.context.event.EventPublishingRunListener.environmentPrepared(EventPublishingRunListener.java:81)
	at org.springframework.boot.SpringApplicationRunListeners.lambda$environmentPrepared$2(SpringApplicationRunListeners.java:64)
	at java.base/java.lang.Iterable.forEach(Iterable.java:75)
	at org.springframework.boot.SpringApplicationRunListeners.doWithListeners(SpringApplicationRunListeners.java:118)
	at org.springframework.boot.SpringApplicationRunListeners.doWithListeners(SpringApplicationRunListeners.java:112)
	at org.springframework.boot.SpringApplicationRunListeners.environmentPrepared(SpringApplicationRunListeners.java:63)
	at org.springframework.boot.SpringApplication.prepareEnvironment(SpringApplication.java:360)
	at org.springframework.boot.SpringApplication.run(SpringApplication.java:311)
	at org.springframework.boot.SpringApplication.run(SpringApplication.java:1306)
	at org.springframework.boot.SpringApplication.run(SpringApplication.java:1295)
	at com.example.Dividends.DividendsApplication.main(DividendsApplication.java:29)
Caused by: java.lang.IllegalStateException: Logback configuration error detected: 
ERROR in ch.qos.logback.core.model.processor.ModelInterpretationContext@7ca33c24 - Problem while parsing [%d{yyyy-MM-dd HH:mm:ss.SSS} %highlight(%-5Level) %magenta(%-4relative) --- [ %thread{10} ] %cyan(%logger{20}) : %msg%n{] java.lang.IllegalArgumentException: All tokens consumed but was expecting "}"
ERROR in ch.qos.logback.classic.PatternLayout("%d{yyyy-MM-dd HH:mm:ss.SSS} %highlight(%-5Level) %magenta(%-4relative) --- [ %thread{10} ] %cyan(%logger{20}) : %msg%n{") - Failed to parse pattern "%d{yyyy-MM-dd HH:mm:ss.SSS} %highlight(%-5Level) %magenta(%-4relative) --- [ %thread{10} ] %cyan(%logger{20}) : %msg%n{". ch.qos.logback.core.spi.ScanException: Unexpected end of pattern string
	at org.springframework.boot.logging.logback.LogbackLoggingSystem.reportConfigurationErrorsIfNecessary(LogbackLoggingSystem.java:275)
	at org.springframework.boot.logging.logback.LogbackLoggingSystem.loadConfiguration(LogbackLoggingSystem.java:253)
	at org.springframework.boot.logging.AbstractLoggingSystem.initializeWithConventions(AbstractLoggingSystem.java:80)
	at org.springframework.boot.logging.AbstractLoggingSystem.initialize(AbstractLoggingSystem.java:60)
	at org.springframework.boot.logging.logback.LogbackLoggingSystem.initialize(LogbackLoggingSystem.java:189)
	at org.springframework.boot.context.logging.LoggingApplicationListener.initializeSystem(LoggingApplicationListener.java:332)
	... 19 common frames omitted
	Suppressed: java.lang.IllegalArgumentException: All tokens consumed but was expecting "}"
		at ch.qos.logback.core.subst.Parser.expectNotNull(Parser.java:160)
		at ch.qos.logback.core.subst.Parser.expectCurlyRight(Parser.java:165)
		at ch.qos.logback.core.subst.Parser.T(Parser.java:93)
		at ch.qos.logback.core.subst.Parser.E(Parser.java:58)
		at ch.qos.logback.core.subst.Parser.Eopt(Parser.java:75)
		at ch.qos.logback.core.subst.Parser.E(Parser.java:62)
		at ch.qos.logback.core.subst.Parser.Eopt(Parser.java:75)
		at ch.qos.logback.core.subst.Parser.E(Parser.java:62)
		at ch.qos.logback.core.subst.Parser.Eopt(Parser.java:75)
		at ch.qos.logback.core.subst.Parser.E(Parser.java:62)
		at ch.qos.logback.core.subst.Parser.Eopt(Parser.java:75)
		at ch.qos.logback.core.subst.Parser.E(Parser.java:62)
		at ch.qos.logback.core.subst.Parser.Eopt(Parser.java:75)
		at ch.qos.logback.core.subst.Parser.E(Parser.java:62)
		at ch.qos.logback.core.subst.Parser.Eopt(Parser.java:75)
		at ch.qos.logback.core.subst.Parser.E(Parser.java:62)
		at ch.qos.logback.core.subst.Parser.Eopt(Parser.java:75)
		at ch.qos.logback.core.subst.Parser.E(Parser.java:62)
		at ch.qos.logback.core.subst.Parser.Eopt(Parser.java:75)
		at ch.qos.logback.core.subst.Parser.E(Parser.java:62)
		at ch.qos.logback.core.subst.Parser.parse(Parser.java:54)
		at ch.qos.logback.core.subst.NodeToStringTransformer.tokenizeAndParseString(NodeToStringTransformer.java:59)
		at ch.qos.logback.core.subst.NodeToStringTransformer.substituteVariable(NodeToStringTransformer.java:50)
		at ch.qos.logback.core.util.OptionHelper.substVars(OptionHelper.java:112)
		at ch.qos.logback.core.model.processor.ModelInterpretationContext.subst(ModelInterpretationContext.java:158)
		at ch.qos.logback.core.model.processor.ImplicitModelHandler.doBasicProperty(ImplicitModelHandler.java:105)
		at ch.qos.logback.core.model.processor.ImplicitModelHandler.handle(ImplicitModelHandler.java:86)
		at ch.qos.logback.core.model.processor.DefaultProcessor.secondPhaseTraverse(DefaultProcessor.java:241)
		at ch.qos.logback.core.model.processor.DefaultProcessor.secondPhaseTraverse(DefaultProcessor.java:253)
		at ch.qos.logback.core.model.processor.DefaultProcessor.secondPhaseTraverse(DefaultProcessor.java:253)
		at ch.qos.logback.core.model.processor.DefaultProcessor.secondPhaseTraverse(DefaultProcessor.java:253)
		at ch.qos.logback.core.model.processor.DefaultProcessor.traversalLoop(DefaultProcessor.java:90)
		at ch.qos.logback.core.model.processor.DefaultProcessor.process(DefaultProcessor.java:106)
		at ch.qos.logback.core.joran.GenericXMLConfigurator.processModel(GenericXMLConfigurator.java:208)
		at org.springframework.boot.logging.logback.SpringBootJoranConfigurator.processModel(SpringBootJoranConfigurator.java:122)
		at ch.qos.logback.core.joran.GenericXMLConfigurator.doConfigure(GenericXMLConfigurator.java:170)
		at ch.qos.logback.core.joran.GenericXMLConfigurator.doConfigure(GenericXMLConfigurator.java:122)
		at ch.qos.logback.core.joran.GenericXMLConfigurator.doConfigure(GenericXMLConfigurator.java:65)
		at org.springframework.boot.logging.logback.LogbackLoggingSystem.configureByResourceUrl(LogbackLoggingSystem.java:285)
		at org.springframework.boot.logging.logback.LogbackLoggingSystem.lambda$loadConfiguration$1(LogbackLoggingSystem.java:247)
		at org.springframework.boot.logging.logback.LogbackLoggingSystem.withLoggingSuppressed(LogbackLoggingSystem.java:460)
		at org.springframework.boot.logging.logback.LogbackLoggingSystem.loadConfiguration(LogbackLoggingSystem.java:242)
		... 23 common frames omitted
	Suppressed: ch.qos.logback.core.spi.ScanException: Unexpected end of pattern string
		at ch.qos.logback.core.pattern.parser.TokenStream.tokenize(TokenStream.java:120)
		at ch.qos.logback.core.pattern.parser.Parser.<init>(Parser.java:69)
		at ch.qos.logback.core.pattern.parser.Parser.<init>(Parser.java:63)
		at ch.qos.logback.core.pattern.PatternLayoutBase.start(PatternLayoutBase.java:80)
		at ch.qos.logback.classic.encoder.PatternLayoutEncoder.start(PatternLayoutEncoder.java:28)
		at ch.qos.logback.core.model.processor.ImplicitModelHandler.postHandleComplex(ImplicitModelHandler.java:208)
		at ch.qos.logback.core.model.processor.ImplicitModelHandler.postHandle(ImplicitModelHandler.java:186)
		at ch.qos.logback.core.model.processor.DefaultProcessor.secondPhaseTraverse(DefaultProcessor.java:257)
		at ch.qos.logback.core.model.processor.DefaultProcessor.secondPhaseTraverse(DefaultProcessor.java:253)
		at ch.qos.logback.core.model.processor.DefaultProcessor.secondPhaseTraverse(DefaultProcessor.java:253)
		at ch.qos.logback.core.model.processor.DefaultProcessor.traversalLoop(DefaultProcessor.java:90)
		at ch.qos.logback.core.model.processor.DefaultProcessor.process(DefaultProcessor.java:106)
		at ch.qos.logback.core.joran.GenericXMLConfigurator.processModel(GenericXMLConfigurator.java:208)
		at org.springframework.boot.logging.logback.SpringBootJoranConfigurator.processModel(SpringBootJoranConfigurator.java:122)
		at ch.qos.logback.core.joran.GenericXMLConfigurator.doConfigure(GenericXMLConfigurator.java:170)
		at ch.qos.logback.core.joran.GenericXMLConfigurator.doConfigure(GenericXMLConfigurator.java:122)
		at ch.qos.logback.core.joran.GenericXMLConfigurator.doConfigure(GenericXMLConfigurator.java:65)
		at org.springframework.boot.logging.logback.LogbackLoggingSystem.configureByResourceUrl(LogbackLoggingSystem.java:285)
		at org.springframework.boot.logging.logback.LogbackLoggingSystem.lambda$loadConfiguration$1(LogbackLoggingSystem.java:247)
		at org.springframework.boot.logging.logback.LogbackLoggingSystem.withLoggingSuppressed(LogbackLoggingSystem.java:460)
		at org.springframework.boot.logging.logback.LogbackLoggingSystem.loadConfiguration(LogbackLoggingSystem.java:242)
		... 23 common frames omitted
13:55:09.045 [main] ERROR o.s.boot.SpringApplication - Application run failed
java.lang.IllegalStateException: java.lang.IllegalStateException: Logback configuration error detected: 
ERROR in ch.qos.logback.core.pattern.parser.Compiler@7103cb56 - There is no conversion class registered for conversion word [Level]
ERROR in ch.qos.logback.core.pattern.parser.Compiler@7103cb56 - [Level] is not a valid conversion word
	at org.springframework.boot.context.logging.LoggingApplicationListener.initializeSystem(LoggingApplicationListener.java:347)
	at org.springframework.boot.context.logging.LoggingApplicationListener.initialize(LoggingApplicationListener.java:298)
	at org.springframework.boot.context.logging.LoggingApplicationListener.onApplicationEnvironmentPreparedEvent(LoggingApplicationListener.java:246)
	at org.springframework.boot.context.logging.LoggingApplicationListener.onApplicationEvent(LoggingApplicationListener.java:223)
	at org.springframework.context.event.SimpleApplicationEventMulticaster.doInvokeListener(SimpleApplicationEventMulticaster.java:174)
	at org.springframework.context.event.SimpleApplicationEventMulticaster.invokeListener(SimpleApplicationEventMulticaster.java:167)
	at org.springframework.context.event.SimpleApplicationEventMulticaster.multicastEvent(SimpleApplicationEventMulticaster.java:145)
	at org.springframework.context.event.SimpleApplicationEventMulticaster.multicastEvent(SimpleApplicationEventMulticaster.java:133)
	at org.springframework.boot.context.event.EventPublishingRunListener.multicastInitialEvent(EventPublishingRunListener.java:136)
	at org.springframework.boot.context.event.EventPublishingRunListener.environmentPrepared(EventPublishingRunListener.java:81)
	at org.springframework.boot.SpringApplicationRunListeners.lambda$environmentPrepared$2(SpringApplicationRunListeners.java:64)
	at java.base/java.lang.Iterable.forEach(Iterable.java:75)
	at org.springframework.boot.SpringApplicationRunListeners.doWithListeners(SpringApplicationRunListeners.java:118)
	at org.springframework.boot.SpringApplicationRunListeners.doWithListeners(SpringApplicationRunListeners.java:112)
	at org.springframework.boot.SpringApplicationRunListeners.environmentPrepared(SpringApplicationRunListeners.java:63)
	at org.springframework.boot.SpringApplication.prepareEnvironment(SpringApplication.java:360)
	at org.springframework.boot.SpringApplication.run(SpringApplication.java:311)
	at org.springframework.boot.SpringApplication.run(SpringApplication.java:1306)
	at org.springframework.boot.SpringApplication.run(SpringApplication.java:1295)
	at com.example.Dividends.DividendsApplication.main(DividendsApplication.java:29)
Caused by: java.lang.IllegalStateException: Logback configuration error detected: 
ERROR in ch.qos.logback.core.pattern.parser.Compiler@7103cb56 - There is no conversion class registered for conversion word [Level]
ERROR in ch.qos.logback.core.pattern.parser.Compiler@7103cb56 - [Level] is not a valid conversion word
	at org.springframework.boot.logging.logback.LogbackLoggingSystem.reportConfigurationErrorsIfNecessary(LogbackLoggingSystem.java:275)
	at org.springframework.boot.logging.logback.LogbackLoggingSystem.loadConfiguration(LogbackLoggingSystem.java:253)
	at org.springframework.boot.logging.AbstractLoggingSystem.initializeWithConventions(AbstractLoggingSystem.java:80)
	at org.springframework.boot.logging.AbstractLoggingSystem.initialize(AbstractLoggingSystem.java:60)
	at org.springframework.boot.logging.logback.LogbackLoggingSystem.initialize(LogbackLoggingSystem.java:189)
	at org.springframework.boot.context.logging.LoggingApplicationListener.initializeSystem(LoggingApplicationListener.java:332)
	... 19 common frames omitted
13:56:55.506 [main] INFO  c.e.Dividends.DividendsApplication - Starting DividendsApplication using Java 17.0.8.1 with PID 25544 (C:\Users\jsham\Desktop\Dividends\out\production\classes started by jsham in C:\Users\jsham\Desktop\Dividends)
13:56:55.508 [main] INFO  c.e.Dividends.DividendsApplication - No active profile set, falling back to 1 default profile: "default"
13:56:56.162 [main] INFO  o.s.d.r.c.RepositoryConfigurationDelegate - Multiple Spring Data modules found, entering strict repository configuration mode
13:56:56.164 [main] INFO  o.s.d.r.c.RepositoryConfigurationDelegate - Bootstrapping Spring Data JPA repositories in DEFAULT mode.
13:56:56.341 [main] INFO  o.s.d.r.c.RepositoryConfigurationDelegate - Finished Spring Data repository scanning in 170 ms. Found 3 JPA repository interfaces.
13:56:56.357 [main] INFO  o.s.d.r.c.RepositoryConfigurationDelegate - Multiple Spring Data modules found, entering strict repository configuration mode
13:56:56.358 [main] INFO  o.s.d.r.c.RepositoryConfigurationDelegate - Bootstrapping Spring Data Redis repositories in DEFAULT mode.
13:56:56.375 [main] INFO  o.s.d.r.c.RepositoryConfigurationExtensionSupport - Spring Data Redis - Could not safely identify store assignment for repository candidate interface com.example.Dividends.persist.CompanyRepository; If you want this repository to be a Redis repository, consider annotating your entities with one of these annotations: org.springframework.data.redis.core.RedisHash (preferred), or consider extending one of the following types with your repository: org.springframework.data.keyvalue.repository.KeyValueRepository
13:56:56.377 [main] INFO  o.s.d.r.c.RepositoryConfigurationExtensionSupport - Spring Data Redis - Could not safely identify store assignment for repository candidate interface com.example.Dividends.persist.DividendRepository; If you want this repository to be a Redis repository, consider annotating your entities with one of these annotations: org.springframework.data.redis.core.RedisHash (preferred), or consider extending one of the following types with your repository: org.springframework.data.keyvalue.repository.KeyValueRepository
13:56:56.378 [main] INFO  o.s.d.r.c.RepositoryConfigurationExtensionSupport - Spring Data Redis - Could not safely identify store assignment for repository candidate interface com.example.Dividends.persist.MemberRepository; If you want this repository to be a Redis repository, consider annotating your entities with one of these annotations: org.springframework.data.redis.core.RedisHash (preferred), or consider extending one of the following types with your repository: org.springframework.data.keyvalue.repository.KeyValueRepository
13:56:56.378 [main] INFO  o.s.d.r.c.RepositoryConfigurationDelegate - Finished Spring Data repository scanning in 11 ms. Found 0 Redis repository interfaces.
13:56:57.112 [main] INFO  o.s.b.w.e.tomcat.TomcatWebServer - Tomcat initialized with port(s): 8080 (http)
13:56:57.119 [main] INFO  o.a.coyote.http11.Http11NioProtocol - Initializing ProtocolHandler ["http-nio-8080"]
13:56:57.121 [main] INFO  o.a.catalina.core.StandardService - Starting service [Tomcat]
13:56:57.121 [main] INFO  o.a.catalina.core.StandardEngine - Starting Servlet engine: [Apache Tomcat/10.1.15]
13:56:57.220 [main] INFO  o.a.c.c.C.[Tomcat].[localhost].[/] - Initializing Spring embedded WebApplicationContext
13:56:57.221 [main] INFO  o.s.b.w.s.c.ServletWebServerApplicationContext - Root WebApplicationContext: initialization completed in 1669 ms
13:56:57.258 [main] INFO  com.zaxxer.hikari.HikariDataSource - HikariPool-1 - Starting...
13:56:57.454 [main] INFO  com.zaxxer.hikari.pool.HikariPool - HikariPool-1 - Added connection conn0: url=jdbc:h2:mem:dividends user=SA
13:56:57.456 [main] INFO  com.zaxxer.hikari.HikariDataSource - HikariPool-1 - Start completed.
13:56:57.466 [main] INFO  o.s.b.a.h.H2ConsoleAutoConfiguration - H2 console available at '/h2-console'. Database available at 'jdbc:h2:mem:dividends'
13:56:57.566 [main] INFO  o.h.jpa.internal.util.LogHelper - HHH000204: Processing PersistenceUnitInfo [name: default]
13:56:57.624 [main] INFO  org.hibernate.Version - HHH000412: Hibernate ORM core version 6.2.13.Final
13:56:57.627 [main] INFO  org.hibernate.cfg.Environment - HHH000406: Using bytecode reflection optimizer
13:56:57.912 [main] INFO  o.s.o.j.p.SpringPersistenceUnitInfo - No LoadTimeWeaver setup: ignoring JPA class transformer
13:56:58.692 [main] INFO  o.h.e.t.j.p.i.JtaPlatformInitiator - HHH000489: No JTA platform available (set 'hibernate.transaction.jta.platform' to enable JTA platform integration)
13:56:58.725 [main] INFO  o.s.o.j.LocalContainerEntityManagerFactoryBean - Initialized JPA EntityManagerFactory for persistence unit 'default'
13:56:58.919 [main] WARN  o.s.c.LocalVariableTableParameterNameDiscoverer - Using deprecated '-debug' fallback for parameter name resolution. Compile the affected code with '-parameters' instead or avoid its introspection: com.example.Dividends.persist.MemberRepository
13:56:59.125 [main] WARN  o.s.c.LocalVariableTableParameterNameDiscoverer - Using deprecated '-debug' fallback for parameter name resolution. Compile the affected code with '-parameters' instead or avoid its introspection: com.example.Dividends.persist.CompanyRepository
13:56:59.153 [main] WARN  o.s.c.LocalVariableTableParameterNameDiscoverer - Using deprecated '-debug' fallback for parameter name resolution. Compile the affected code with '-parameters' instead or avoid its introspection: com.example.Dividends.persist.DividendRepository
13:56:59.409 [main] WARN  o.s.b.a.o.j.JpaBaseConfiguration$JpaWebConfiguration - spring.jpa.open-in-view is enabled by default. Therefore, database queries may be performed during view rendering. Explicitly configure spring.jpa.open-in-view to disable this warning
13:56:59.545 [main] INFO  o.s.s.web.DefaultSecurityFilterChain - Will secure any request with [org.springframework.security.web.session.DisableEncodeUrlFilter@79c4454, org.springframework.security.web.context.request.async.WebAsyncManagerIntegrationFilter@50f5ce5b, org.springframework.security.web.context.SecurityContextHolderFilter@37aec9b, org.springframework.security.web.header.HeaderWriterFilter@4fbdee7a, org.springframework.security.web.authentication.logout.LogoutFilter@52288c65, com.example.Dividends.security.JwtAuthenticationFilter@1dae9e61, org.springframework.security.web.savedrequest.RequestCacheAwareFilter@7ae75ba6, org.springframework.security.web.servletapi.SecurityContextHolderAwareRequestFilter@7f6137fb, org.springframework.security.web.authentication.AnonymousAuthenticationFilter@31aee6d9, org.springframework.security.web.session.SessionManagementFilter@3db145f7, org.springframework.security.web.access.ExceptionTranslationFilter@76379796, org.springframework.security.web.access.intercept.AuthorizationFilter@141874c8]
13:56:59.934 [main] INFO  o.a.coyote.http11.Http11NioProtocol - Starting ProtocolHandler ["http-nio-8080"]
13:56:59.958 [main] INFO  o.s.b.w.e.tomcat.TomcatWebServer - Tomcat started on port(s): 8080 (http) with context path ''
13:56:59.968 [main] INFO  c.e.Dividends.DividendsApplication - Started DividendsApplication in 4.988 seconds (process running for 5.401)
13:57:21.371 [SpringApplicationShutdownHook] INFO  o.s.o.j.LocalContainerEntityManagerFactoryBean - Closing JPA EntityManagerFactory for persistence unit 'default'
13:57:21.373 [SpringApplicationShutdownHook] INFO  com.zaxxer.hikari.HikariDataSource - HikariPool-1 - Shutdown initiated...
13:57:21.374 [SpringApplicationShutdownHook] INFO  com.zaxxer.hikari.HikariDataSource - HikariPool-1 - Shutdown completed.
13:57:22.991 [main] INFO  c.e.Dividends.DividendsApplication - Starting DividendsApplication using Java 17.0.8.1 with PID 25516 (C:\Users\jsham\Desktop\Dividends\out\production\classes started by jsham in C:\Users\jsham\Desktop\Dividends)
13:57:22.993 [main] INFO  c.e.Dividends.DividendsApplication - No active profile set, falling back to 1 default profile: "default"
13:57:23.641 [main] INFO  o.s.d.r.c.RepositoryConfigurationDelegate - Multiple Spring Data modules found, entering strict repository configuration mode
13:57:23.643 [main] INFO  o.s.d.r.c.RepositoryConfigurationDelegate - Bootstrapping Spring Data JPA repositories in DEFAULT mode.
13:57:23.799 [main] INFO  o.s.d.r.c.RepositoryConfigurationDelegate - Finished Spring Data repository scanning in 148 ms. Found 3 JPA repository interfaces.
13:57:23.813 [main] INFO  o.s.d.r.c.RepositoryConfigurationDelegate - Multiple Spring Data modules found, entering strict repository configuration mode
13:57:23.815 [main] INFO  o.s.d.r.c.RepositoryConfigurationDelegate - Bootstrapping Spring Data Redis repositories in DEFAULT mode.
13:57:23.833 [main] INFO  o.s.d.r.c.RepositoryConfigurationExtensionSupport - Spring Data Redis - Could not safely identify store assignment for repository candidate interface com.example.Dividends.persist.CompanyRepository; If you want this repository to be a Redis repository, consider annotating your entities with one of these annotations: org.springframework.data.redis.core.RedisHash (preferred), or consider extending one of the following types with your repository: org.springframework.data.keyvalue.repository.KeyValueRepository
13:57:23.834 [main] INFO  o.s.d.r.c.RepositoryConfigurationExtensionSupport - Spring Data Redis - Could not safely identify store assignment for repository candidate interface com.example.Dividends.persist.DividendRepository; If you want this repository to be a Redis repository, consider annotating your entities with one of these annotations: org.springframework.data.redis.core.RedisHash (preferred), or consider extending one of the following types with your repository: org.springframework.data.keyvalue.repository.KeyValueRepository
13:57:23.835 [main] INFO  o.s.d.r.c.RepositoryConfigurationExtensionSupport - Spring Data Redis - Could not safely identify store assignment for repository candidate interface com.example.Dividends.persist.MemberRepository; If you want this repository to be a Redis repository, consider annotating your entities with one of these annotations: org.springframework.data.redis.core.RedisHash (preferred), or consider extending one of the following types with your repository: org.springframework.data.keyvalue.repository.KeyValueRepository
13:57:23.835 [main] INFO  o.s.d.r.c.RepositoryConfigurationDelegate - Finished Spring Data repository scanning in 13 ms. Found 0 Redis repository interfaces.
13:57:24.515 [main] INFO  o.s.b.w.e.tomcat.TomcatWebServer - Tomcat initialized with port(s): 8080 (http)
13:57:24.523 [main] INFO  o.a.coyote.http11.Http11NioProtocol - Initializing ProtocolHandler ["http-nio-8080"]
13:57:24.526 [main] INFO  o.a.catalina.core.StandardService - Starting service [Tomcat]
13:57:24.526 [main] INFO  o.a.catalina.core.StandardEngine - Starting Servlet engine: [Apache Tomcat/10.1.15]
13:57:24.627 [main] INFO  o.a.c.c.C.[Tomcat].[localhost].[/] - Initializing Spring embedded WebApplicationContext
13:57:24.627 [main] INFO  o.s.b.w.s.c.ServletWebServerApplicationContext - Root WebApplicationContext: initialization completed in 1589 ms
13:57:24.663 [main] INFO  com.zaxxer.hikari.HikariDataSource - HikariPool-1 - Starting...
13:57:24.898 [main] INFO  com.zaxxer.hikari.pool.HikariPool - HikariPool-1 - Added connection conn0: url=jdbc:h2:mem:dividends user=SA
13:57:24.900 [main] INFO  com.zaxxer.hikari.HikariDataSource - HikariPool-1 - Start completed.
13:57:24.910 [main] INFO  o.s.b.a.h.H2ConsoleAutoConfiguration - H2 console available at '/h2-console'. Database available at 'jdbc:h2:mem:dividends'
13:57:25.002 [main] INFO  o.h.jpa.internal.util.LogHelper - HHH000204: Processing PersistenceUnitInfo [name: default]
13:57:25.057 [main] INFO  org.hibernate.Version - HHH000412: Hibernate ORM core version 6.2.13.Final
13:57:25.060 [main] INFO  org.hibernate.cfg.Environment - HHH000406: Using bytecode reflection optimizer
13:57:25.350 [main] INFO  o.s.o.j.p.SpringPersistenceUnitInfo - No LoadTimeWeaver setup: ignoring JPA class transformer
13:57:26.138 [main] INFO  o.h.e.t.j.p.i.JtaPlatformInitiator - HHH000489: No JTA platform available (set 'hibernate.transaction.jta.platform' to enable JTA platform integration)
13:57:26.171 [main] INFO  o.s.o.j.LocalContainerEntityManagerFactoryBean - Initialized JPA EntityManagerFactory for persistence unit 'default'
13:57:26.370 [main] WARN  o.s.c.LocalVariableTableParameterNameDiscoverer - Using deprecated '-debug' fallback for parameter name resolution. Compile the affected code with '-parameters' instead or avoid its introspection: com.example.Dividends.persist.MemberRepository
13:57:26.592 [main] WARN  o.s.c.LocalVariableTableParameterNameDiscoverer - Using deprecated '-debug' fallback for parameter name resolution. Compile the affected code with '-parameters' instead or avoid its introspection: com.example.Dividends.persist.CompanyRepository
13:57:26.621 [main] WARN  o.s.c.LocalVariableTableParameterNameDiscoverer - Using deprecated '-debug' fallback for parameter name resolution. Compile the affected code with '-parameters' instead or avoid its introspection: com.example.Dividends.persist.DividendRepository
13:57:26.879 [main] WARN  o.s.b.a.o.j.JpaBaseConfiguration$JpaWebConfiguration - spring.jpa.open-in-view is enabled by default. Therefore, database queries may be performed during view rendering. Explicitly configure spring.jpa.open-in-view to disable this warning
13:57:27.013 [main] INFO  o.s.s.web.DefaultSecurityFilterChain - Will secure any request with [org.springframework.security.web.session.DisableEncodeUrlFilter@147ea894, org.springframework.security.web.context.request.async.WebAsyncManagerIntegrationFilter@38aed8ad, org.springframework.security.web.context.SecurityContextHolderFilter@25bd68ea, org.springframework.security.web.header.HeaderWriterFilter@76379796, org.springframework.security.web.authentication.logout.LogoutFilter@361d169a, com.example.Dividends.security.JwtAuthenticationFilter@4144d4a, org.springframework.security.web.savedrequest.RequestCacheAwareFilter@37aec9b, org.springframework.security.web.servletapi.SecurityContextHolderAwareRequestFilter@7ae75ba6, org.springframework.security.web.authentication.AnonymousAuthenticationFilter@79c4454, org.springframework.security.web.session.SessionManagementFilter@2b3ee95e, org.springframework.security.web.access.ExceptionTranslationFilter@496e2bdd, org.springframework.security.web.access.intercept.AuthorizationFilter@420dde28]
13:57:27.442 [main] INFO  o.a.coyote.http11.Http11NioProtocol - Starting ProtocolHandler ["http-nio-8080"]
13:57:27.462 [main] INFO  o.s.b.w.e.tomcat.TomcatWebServer - Tomcat started on port(s): 8080 (http) with context path ''
13:57:27.473 [main] INFO  c.e.Dividends.DividendsApplication - Started DividendsApplication in 4.989 seconds (process running for 5.41)
13:57:32.169 [SpringApplicationShutdownHook] INFO  o.s.o.j.LocalContainerEntityManagerFactoryBean - Closing JPA EntityManagerFactory for persistence unit 'default'
13:57:32.171 [SpringApplicationShutdownHook] INFO  com.zaxxer.hikari.HikariDataSource - HikariPool-1 - Shutdown initiated...
13:57:32.172 [SpringApplicationShutdownHook] INFO  com.zaxxer.hikari.HikariDataSource - HikariPool-1 - Shutdown completed.
13:57:33.869 [main] INFO  c.e.Dividends.DividendsApplication - Starting DividendsApplication using Java 17.0.8.1 with PID 26408 (C:\Users\jsham\Desktop\Dividends\out\production\classes started by jsham in C:\Users\jsham\Desktop\Dividends)
13:57:33.872 [main] INFO  c.e.Dividends.DividendsApplication - No active profile set, falling back to 1 default profile: "default"
13:57:34.502 [main] INFO  o.s.d.r.c.RepositoryConfigurationDelegate - Multiple Spring Data modules found, entering strict repository configuration mode
13:57:34.503 [main] INFO  o.s.d.r.c.RepositoryConfigurationDelegate - Bootstrapping Spring Data JPA repositories in DEFAULT mode.
13:57:34.663 [main] INFO  o.s.d.r.c.RepositoryConfigurationDelegate - Finished Spring Data repository scanning in 152 ms. Found 3 JPA repository interfaces.
13:57:34.688 [main] INFO  o.s.d.r.c.RepositoryConfigurationDelegate - Multiple Spring Data modules found, entering strict repository configuration mode
13:57:34.690 [main] INFO  o.s.d.r.c.RepositoryConfigurationDelegate - Bootstrapping Spring Data Redis repositories in DEFAULT mode.
13:57:34.714 [main] INFO  o.s.d.r.c.RepositoryConfigurationExtensionSupport - Spring Data Redis - Could not safely identify store assignment for repository candidate interface com.example.Dividends.persist.CompanyRepository; If you want this repository to be a Redis repository, consider annotating your entities with one of these annotations: org.springframework.data.redis.core.RedisHash (preferred), or consider extending one of the following types with your repository: org.springframework.data.keyvalue.repository.KeyValueRepository
13:57:34.722 [main] INFO  o.s.d.r.c.RepositoryConfigurationExtensionSupport - Spring Data Redis - Could not safely identify store assignment for repository candidate interface com.example.Dividends.persist.DividendRepository; If you want this repository to be a Redis repository, consider annotating your entities with one of these annotations: org.springframework.data.redis.core.RedisHash (preferred), or consider extending one of the following types with your repository: org.springframework.data.keyvalue.repository.KeyValueRepository
13:57:34.723 [main] INFO  o.s.d.r.c.RepositoryConfigurationExtensionSupport - Spring Data Redis - Could not safely identify store assignment for repository candidate interface com.example.Dividends.persist.MemberRepository; If you want this repository to be a Redis repository, consider annotating your entities with one of these annotations: org.springframework.data.redis.core.RedisHash (preferred), or consider extending one of the following types with your repository: org.springframework.data.keyvalue.repository.KeyValueRepository
13:57:34.723 [main] INFO  o.s.d.r.c.RepositoryConfigurationDelegate - Finished Spring Data repository scanning in 19 ms. Found 0 Redis repository interfaces.
13:57:35.509 [main] INFO  o.s.b.w.e.tomcat.TomcatWebServer - Tomcat initialized with port(s): 8080 (http)
13:57:35.517 [main] INFO  o.a.coyote.http11.Http11NioProtocol - Initializing ProtocolHandler ["http-nio-8080"]
13:57:35.519 [main] INFO  o.a.catalina.core.StandardService - Starting service [Tomcat]
13:57:35.520 [main] INFO  o.a.catalina.core.StandardEngine - Starting Servlet engine: [Apache Tomcat/10.1.15]
13:57:35.627 [main] INFO  o.a.c.c.C.[Tomcat].[localhost].[/] - Initializing Spring embedded WebApplicationContext
13:57:35.628 [main] INFO  o.s.b.w.s.c.ServletWebServerApplicationContext - Root WebApplicationContext: initialization completed in 1710 ms
13:57:35.668 [main] INFO  com.zaxxer.hikari.HikariDataSource - HikariPool-1 - Starting...
13:57:35.876 [main] INFO  com.zaxxer.hikari.pool.HikariPool - HikariPool-1 - Added connection conn0: url=jdbc:h2:mem:dividends user=SA
13:57:35.878 [main] INFO  com.zaxxer.hikari.HikariDataSource - HikariPool-1 - Start completed.
13:57:35.888 [main] INFO  o.s.b.a.h.H2ConsoleAutoConfiguration - H2 console available at '/h2-console'. Database available at 'jdbc:h2:mem:dividends'
13:57:35.982 [main] INFO  o.h.jpa.internal.util.LogHelper - HHH000204: Processing PersistenceUnitInfo [name: default]
13:57:36.046 [main] INFO  org.hibernate.Version - HHH000412: Hibernate ORM core version 6.2.13.Final
13:57:36.050 [main] INFO  org.hibernate.cfg.Environment - HHH000406: Using bytecode reflection optimizer
13:57:36.345 [main] INFO  o.s.o.j.p.SpringPersistenceUnitInfo - No LoadTimeWeaver setup: ignoring JPA class transformer
13:57:37.164 [main] INFO  o.h.e.t.j.p.i.JtaPlatformInitiator - HHH000489: No JTA platform available (set 'hibernate.transaction.jta.platform' to enable JTA platform integration)
13:57:37.200 [main] INFO  o.s.o.j.LocalContainerEntityManagerFactoryBean - Initialized JPA EntityManagerFactory for persistence unit 'default'
13:57:37.403 [main] WARN  o.s.c.LocalVariableTableParameterNameDiscoverer - Using deprecated '-debug' fallback for parameter name resolution. Compile the affected code with '-parameters' instead or avoid its introspection: com.example.Dividends.persist.MemberRepository
13:57:37.601 [main] WARN  o.s.c.LocalVariableTableParameterNameDiscoverer - Using deprecated '-debug' fallback for parameter name resolution. Compile the affected code with '-parameters' instead or avoid its introspection: com.example.Dividends.persist.CompanyRepository
13:57:37.627 [main] WARN  o.s.c.LocalVariableTableParameterNameDiscoverer - Using deprecated '-debug' fallback for parameter name resolution. Compile the affected code with '-parameters' instead or avoid its introspection: com.example.Dividends.persist.DividendRepository
13:57:37.880 [main] WARN  o.s.b.a.o.j.JpaBaseConfiguration$JpaWebConfiguration - spring.jpa.open-in-view is enabled by default. Therefore, database queries may be performed during view rendering. Explicitly configure spring.jpa.open-in-view to disable this warning
13:57:38.027 [main] INFO  o.s.s.web.DefaultSecurityFilterChain - Will secure any request with [org.springframework.security.web.session.DisableEncodeUrlFilter@50f5ce5b, org.springframework.security.web.context.request.async.WebAsyncManagerIntegrationFilter@31aee6d9, org.springframework.security.web.context.SecurityContextHolderFilter@34538ffe, org.springframework.security.web.header.HeaderWriterFilter@615bd28b, org.springframework.security.web.authentication.logout.LogoutFilter@33ef393a, com.example.Dividends.security.JwtAuthenticationFilter@37b44e8e, org.springframework.security.web.savedrequest.RequestCacheAwareFilter@2bab1821, org.springframework.security.web.servletapi.SecurityContextHolderAwareRequestFilter@57657b96, org.springframework.security.web.authentication.AnonymousAuthenticationFilter@7f0b2bf1, org.springframework.security.web.session.SessionManagementFilter@25bd68ea, org.springframework.security.web.access.ExceptionTranslationFilter@77350382, org.springframework.security.web.access.intercept.AuthorizationFilter@147ea894]
13:57:38.416 [main] INFO  o.a.coyote.http11.Http11NioProtocol - Starting ProtocolHandler ["http-nio-8080"]
13:57:38.437 [main] INFO  o.s.b.w.e.tomcat.TomcatWebServer - Tomcat started on port(s): 8080 (http) with context path ''
13:57:38.451 [main] INFO  c.e.Dividends.DividendsApplication - Started DividendsApplication in 5.057 seconds (process running for 5.493)
13:57:43.041 [SpringApplicationShutdownHook] INFO  o.s.o.j.LocalContainerEntityManagerFactoryBean - Closing JPA EntityManagerFactory for persistence unit 'default'
13:57:43.043 [SpringApplicationShutdownHook] INFO  com.zaxxer.hikari.HikariDataSource - HikariPool-1 - Shutdown initiated...
13:57:43.044 [SpringApplicationShutdownHook] INFO  com.zaxxer.hikari.HikariDataSource - HikariPool-1 - Shutdown completed.
13:57:44.821 [main] INFO  c.e.Dividends.DividendsApplication - Starting DividendsApplication using Java 17.0.8.1 with PID 21980 (C:\Users\jsham\Desktop\Dividends\out\production\classes started by jsham in C:\Users\jsham\Desktop\Dividends)
13:57:44.823 [main] INFO  c.e.Dividends.DividendsApplication - No active profile set, falling back to 1 default profile: "default"
13:57:45.449 [main] INFO  o.s.d.r.c.RepositoryConfigurationDelegate - Multiple Spring Data modules found, entering strict repository configuration mode
13:57:45.451 [main] INFO  o.s.d.r.c.RepositoryConfigurationDelegate - Bootstrapping Spring Data JPA repositories in DEFAULT mode.
13:57:45.596 [main] INFO  o.s.d.r.c.RepositoryConfigurationDelegate - Finished Spring Data repository scanning in 139 ms. Found 3 JPA repository interfaces.
13:57:45.610 [main] INFO  o.s.d.r.c.RepositoryConfigurationDelegate - Multiple Spring Data modules found, entering strict repository configuration mode
13:57:45.611 [main] INFO  o.s.d.r.c.RepositoryConfigurationDelegate - Bootstrapping Spring Data Redis repositories in DEFAULT mode.
13:57:45.624 [main] INFO  o.s.d.r.c.RepositoryConfigurationExtensionSupport - Spring Data Redis - Could not safely identify store assignment for repository candidate interface com.example.Dividends.persist.CompanyRepository; If you want this repository to be a Redis repository, consider annotating your entities with one of these annotations: org.springframework.data.redis.core.RedisHash (preferred), or consider extending one of the following types with your repository: org.springframework.data.keyvalue.repository.KeyValueRepository
13:57:45.625 [main] INFO  o.s.d.r.c.RepositoryConfigurationExtensionSupport - Spring Data Redis - Could not safely identify store assignment for repository candidate interface com.example.Dividends.persist.DividendRepository; If you want this repository to be a Redis repository, consider annotating your entities with one of these annotations: org.springframework.data.redis.core.RedisHash (preferred), or consider extending one of the following types with your repository: org.springframework.data.keyvalue.repository.KeyValueRepository
13:57:45.626 [main] INFO  o.s.d.r.c.RepositoryConfigurationExtensionSupport - Spring Data Redis - Could not safely identify store assignment for repository candidate interface com.example.Dividends.persist.MemberRepository; If you want this repository to be a Redis repository, consider annotating your entities with one of these annotations: org.springframework.data.redis.core.RedisHash (preferred), or consider extending one of the following types with your repository: org.springframework.data.keyvalue.repository.KeyValueRepository
13:57:45.626 [main] INFO  o.s.d.r.c.RepositoryConfigurationDelegate - Finished Spring Data repository scanning in 7 ms. Found 0 Redis repository interfaces.
13:57:46.273 [main] INFO  o.s.b.w.e.tomcat.TomcatWebServer - Tomcat initialized with port(s): 8080 (http)
13:57:46.280 [main] INFO  o.a.coyote.http11.Http11NioProtocol - Initializing ProtocolHandler ["http-nio-8080"]
13:57:46.282 [main] INFO  o.a.catalina.core.StandardService - Starting service [Tomcat]
13:57:46.283 [main] INFO  o.a.catalina.core.StandardEngine - Starting Servlet engine: [Apache Tomcat/10.1.15]
13:57:46.379 [main] INFO  o.a.c.c.C.[Tomcat].[localhost].[/] - Initializing Spring embedded WebApplicationContext
13:57:46.379 [main] INFO  o.s.b.w.s.c.ServletWebServerApplicationContext - Root WebApplicationContext: initialization completed in 1515 ms
13:57:46.419 [main] INFO  com.zaxxer.hikari.HikariDataSource - HikariPool-1 - Starting...
13:57:46.612 [main] INFO  com.zaxxer.hikari.pool.HikariPool - HikariPool-1 - Added connection conn0: url=jdbc:h2:mem:dividends user=SA
13:57:46.614 [main] INFO  com.zaxxer.hikari.HikariDataSource - HikariPool-1 - Start completed.
13:57:46.625 [main] INFO  o.s.b.a.h.H2ConsoleAutoConfiguration - H2 console available at '/h2-console'. Database available at 'jdbc:h2:mem:dividends'
13:57:46.743 [main] INFO  o.h.jpa.internal.util.LogHelper - HHH000204: Processing PersistenceUnitInfo [name: default]
13:57:46.814 [main] INFO  org.hibernate.Version - HHH000412: Hibernate ORM core version 6.2.13.Final
13:57:46.819 [main] INFO  org.hibernate.cfg.Environment - HHH000406: Using bytecode reflection optimizer
13:57:47.159 [main] INFO  o.s.o.j.p.SpringPersistenceUnitInfo - No LoadTimeWeaver setup: ignoring JPA class transformer
13:57:47.974 [main] INFO  o.h.e.t.j.p.i.JtaPlatformInitiator - HHH000489: No JTA platform available (set 'hibernate.transaction.jta.platform' to enable JTA platform integration)
13:57:48.010 [main] INFO  o.s.o.j.LocalContainerEntityManagerFactoryBean - Initialized JPA EntityManagerFactory for persistence unit 'default'
13:57:48.222 [main] WARN  o.s.c.LocalVariableTableParameterNameDiscoverer - Using deprecated '-debug' fallback for parameter name resolution. Compile the affected code with '-parameters' instead or avoid its introspection: com.example.Dividends.persist.MemberRepository
13:57:48.435 [main] WARN  o.s.c.LocalVariableTableParameterNameDiscoverer - Using deprecated '-debug' fallback for parameter name resolution. Compile the affected code with '-parameters' instead or avoid its introspection: com.example.Dividends.persist.CompanyRepository
13:57:48.464 [main] WARN  o.s.c.LocalVariableTableParameterNameDiscoverer - Using deprecated '-debug' fallback for parameter name resolution. Compile the affected code with '-parameters' instead or avoid its introspection: com.example.Dividends.persist.DividendRepository
13:57:48.731 [main] WARN  o.s.b.a.o.j.JpaBaseConfiguration$JpaWebConfiguration - spring.jpa.open-in-view is enabled by default. Therefore, database queries may be performed during view rendering. Explicitly configure spring.jpa.open-in-view to disable this warning
13:57:48.900 [main] INFO  o.s.s.web.DefaultSecurityFilterChain - Will secure any request with [org.springframework.security.web.session.DisableEncodeUrlFilter@79c4454, org.springframework.security.web.context.request.async.WebAsyncManagerIntegrationFilter@50f5ce5b, org.springframework.security.web.context.SecurityContextHolderFilter@37aec9b, org.springframework.security.web.header.HeaderWriterFilter@4fbdee7a, org.springframework.security.web.authentication.logout.LogoutFilter@52288c65, com.example.Dividends.security.JwtAuthenticationFilter@1dae9e61, org.springframework.security.web.savedrequest.RequestCacheAwareFilter@7ae75ba6, org.springframework.security.web.servletapi.SecurityContextHolderAwareRequestFilter@7f6137fb, org.springframework.security.web.authentication.AnonymousAuthenticationFilter@31aee6d9, org.springframework.security.web.session.SessionManagementFilter@3db145f7, org.springframework.security.web.access.ExceptionTranslationFilter@76379796, org.springframework.security.web.access.intercept.AuthorizationFilter@141874c8]
13:57:49.348 [main] INFO  o.a.coyote.http11.Http11NioProtocol - Starting ProtocolHandler ["http-nio-8080"]
13:57:49.368 [main] INFO  o.s.b.w.e.tomcat.TomcatWebServer - Tomcat started on port(s): 8080 (http) with context path ''
13:57:49.381 [main] INFO  c.e.Dividends.DividendsApplication - Started DividendsApplication in 5.052 seconds (process running for 5.484)
13:58:23.272 [http-nio-8080-exec-1] INFO  o.a.c.c.C.[Tomcat].[localhost].[/] - Initializing Spring DispatcherServlet 'dispatcherServlet'
13:58:23.273 [http-nio-8080-exec-1] INFO  o.s.web.servlet.DispatcherServlet - Initializing Servlet 'dispatcherServlet'
13:58:23.274 [http-nio-8080-exec-1] INFO  o.s.web.servlet.DispatcherServlet - Completed initialization in 1 ms
13:58:50.173 [http-nio-8080-exec-2] INFO  c.e.D.controller.AuthController - user login -> root
13:59:13.962 [http-nio-8080-exec-4] WARN  o.s.c.LocalVariableTableParameterNameDiscoverer - Using deprecated '-debug' fallback for parameter name resolution. Compile the affected code with '-parameters' instead or avoid its introspection: com.example.Dividends.controller.FinanceController
13:59:13.984 [http-nio-8080-exec-4] WARN  o.s.c.LocalVariableTableParameterNameDiscoverer - Using deprecated '-debug' fallback for parameter name resolution. Compile the affected code with '-parameters' instead or avoid its introspection: com.example.Dividends.service.FinanceService
13:59:14.296 [http-nio-8080-exec-4] INFO  c.e.Dividends.service.FinanceService - search company -> 3M Compan
13:59:28.804 [http-nio-8080-exec-3] INFO  c.e.D.s.JwtAuthenticationFilter - [root] -> /finance/dividend/3M%20Company
13:59:28.805 [http-nio-8080-exec-3] INFO  c.e.Dividends.service.FinanceService - search company -> 3M Company
14:01:35.209 [SpringApplicationShutdownHook] INFO  o.s.o.j.LocalContainerEntityManagerFactoryBean - Closing JPA EntityManagerFactory for persistence unit 'default'
14:01:35.210 [SpringApplicationShutdownHook] INFO  com.zaxxer.hikari.HikariDataSource - HikariPool-1 - Shutdown initiated...
14:01:35.211 [SpringApplicationShutdownHook] INFO  com.zaxxer.hikari.HikariDataSource - HikariPool-1 - Shutdown completed.
14:01:37.890 [main] INFO  c.e.Dividends.DividendsApplication - Starting DividendsApplication using Java 17.0.8.1 with PID 24684 (C:\Users\jsham\Desktop\Dividends\out\production\classes started by jsham in C:\Users\jsham\Desktop\Dividends)
14:01:37.892 [main] INFO  c.e.Dividends.DividendsApplication - No active profile set, falling back to 1 default profile: "default"
14:01:38.607 [main] INFO  o.s.d.r.c.RepositoryConfigurationDelegate - Multiple Spring Data modules found, entering strict repository configuration mode
14:01:38.609 [main] INFO  o.s.d.r.c.RepositoryConfigurationDelegate - Bootstrapping Spring Data JPA repositories in DEFAULT mode.
14:01:38.767 [main] INFO  o.s.d.r.c.RepositoryConfigurationDelegate - Finished Spring Data repository scanning in 150 ms. Found 3 JPA repository interfaces.
14:01:38.779 [main] INFO  o.s.d.r.c.RepositoryConfigurationDelegate - Multiple Spring Data modules found, entering strict repository configuration mode
14:01:38.780 [main] INFO  o.s.d.r.c.RepositoryConfigurationDelegate - Bootstrapping Spring Data Redis repositories in DEFAULT mode.
14:01:38.793 [main] INFO  o.s.d.r.c.RepositoryConfigurationExtensionSupport - Spring Data Redis - Could not safely identify store assignment for repository candidate interface com.example.Dividends.persist.CompanyRepository; If you want this repository to be a Redis repository, consider annotating your entities with one of these annotations: org.springframework.data.redis.core.RedisHash (preferred), or consider extending one of the following types with your repository: org.springframework.data.keyvalue.repository.KeyValueRepository
14:01:38.794 [main] INFO  o.s.d.r.c.RepositoryConfigurationExtensionSupport - Spring Data Redis - Could not safely identify store assignment for repository candidate interface com.example.Dividends.persist.DividendRepository; If you want this repository to be a Redis repository, consider annotating your entities with one of these annotations: org.springframework.data.redis.core.RedisHash (preferred), or consider extending one of the following types with your repository: org.springframework.data.keyvalue.repository.KeyValueRepository
14:01:38.794 [main] INFO  o.s.d.r.c.RepositoryConfigurationExtensionSupport - Spring Data Redis - Could not safely identify store assignment for repository candidate interface com.example.Dividends.persist.MemberRepository; If you want this repository to be a Redis repository, consider annotating your entities with one of these annotations: org.springframework.data.redis.core.RedisHash (preferred), or consider extending one of the following types with your repository: org.springframework.data.keyvalue.repository.KeyValueRepository
14:01:38.794 [main] INFO  o.s.d.r.c.RepositoryConfigurationDelegate - Finished Spring Data repository scanning in 7 ms. Found 0 Redis repository interfaces.
14:01:39.480 [main] INFO  o.s.b.w.e.tomcat.TomcatWebServer - Tomcat initialized with port(s): 8080 (http)
14:01:39.489 [main] INFO  o.a.coyote.http11.Http11NioProtocol - Initializing ProtocolHandler ["http-nio-8080"]
14:01:39.491 [main] INFO  o.a.catalina.core.StandardService - Starting service [Tomcat]
14:01:39.492 [main] INFO  o.a.catalina.core.StandardEngine - Starting Servlet engine: [Apache Tomcat/10.1.15]
14:01:39.596 [main] INFO  o.a.c.c.C.[Tomcat].[localhost].[/] - Initializing Spring embedded WebApplicationContext
14:01:39.596 [main] INFO  o.s.b.w.s.c.ServletWebServerApplicationContext - Root WebApplicationContext: initialization completed in 1658 ms
14:01:39.631 [main] INFO  com.zaxxer.hikari.HikariDataSource - HikariPool-1 - Starting...
14:01:39.830 [main] INFO  com.zaxxer.hikari.pool.HikariPool - HikariPool-1 - Added connection conn0: url=jdbc:h2:mem:dividends user=SA
14:01:39.832 [main] INFO  com.zaxxer.hikari.HikariDataSource - HikariPool-1 - Start completed.
14:01:39.842 [main] INFO  o.s.b.a.h.H2ConsoleAutoConfiguration - H2 console available at '/h2-console'. Database available at 'jdbc:h2:mem:dividends'
14:01:39.941 [main] INFO  o.h.jpa.internal.util.LogHelper - HHH000204: Processing PersistenceUnitInfo [name: default]
14:01:39.997 [main] INFO  org.hibernate.Version - HHH000412: Hibernate ORM core version 6.2.13.Final
14:01:40.001 [main] INFO  org.hibernate.cfg.Environment - HHH000406: Using bytecode reflection optimizer
14:01:40.295 [main] INFO  o.s.o.j.p.SpringPersistenceUnitInfo - No LoadTimeWeaver setup: ignoring JPA class transformer
14:01:41.107 [main] INFO  o.h.e.t.j.p.i.JtaPlatformInitiator - HHH000489: No JTA platform available (set 'hibernate.transaction.jta.platform' to enable JTA platform integration)
14:01:41.138 [main] INFO  o.s.o.j.LocalContainerEntityManagerFactoryBean - Initialized JPA EntityManagerFactory for persistence unit 'default'
14:01:41.333 [main] WARN  o.s.c.LocalVariableTableParameterNameDiscoverer - Using deprecated '-debug' fallback for parameter name resolution. Compile the affected code with '-parameters' instead or avoid its introspection: com.example.Dividends.persist.MemberRepository
14:01:41.550 [main] WARN  o.s.c.LocalVariableTableParameterNameDiscoverer - Using deprecated '-debug' fallback for parameter name resolution. Compile the affected code with '-parameters' instead or avoid its introspection: com.example.Dividends.persist.CompanyRepository
14:01:41.576 [main] WARN  o.s.c.LocalVariableTableParameterNameDiscoverer - Using deprecated '-debug' fallback for parameter name resolution. Compile the affected code with '-parameters' instead or avoid its introspection: com.example.Dividends.persist.DividendRepository
14:01:41.840 [main] WARN  o.s.b.a.o.j.JpaBaseConfiguration$JpaWebConfiguration - spring.jpa.open-in-view is enabled by default. Therefore, database queries may be performed during view rendering. Explicitly configure spring.jpa.open-in-view to disable this warning
14:01:41.989 [main] INFO  o.s.s.web.DefaultSecurityFilterChain - Will secure any request with [org.springframework.security.web.session.DisableEncodeUrlFilter@13f358f8, org.springframework.security.web.context.request.async.WebAsyncManagerIntegrationFilter@3f119b55, org.springframework.security.web.context.SecurityContextHolderFilter@17e725fb, org.springframework.security.web.header.HeaderWriterFilter@3d9c69f8, org.springframework.security.web.authentication.logout.LogoutFilter@4eee730c, com.example.Dividends.security.JwtAuthenticationFilter@6cd65042, org.springframework.security.web.savedrequest.RequestCacheAwareFilter@77350382, org.springframework.security.web.servletapi.SecurityContextHolderAwareRequestFilter@615bd28b, org.springframework.security.web.authentication.AnonymousAuthenticationFilter@64dcfd09, org.springframework.security.web.session.SessionManagementFilter@29390110, org.springframework.security.web.access.ExceptionTranslationFilter@2ab1c7a9, org.springframework.security.web.access.intercept.AuthorizationFilter@2f307fcc]
14:01:42.436 [main] INFO  o.a.coyote.http11.Http11NioProtocol - Starting ProtocolHandler ["http-nio-8080"]
14:01:42.461 [main] INFO  o.s.b.w.e.tomcat.TomcatWebServer - Tomcat started on port(s): 8080 (http) with context path ''
14:01:42.471 [main] INFO  c.e.Dividends.DividendsApplication - Started DividendsApplication in 5.062 seconds (process running for 5.469)
14:02:51.145 [SpringApplicationShutdownHook] INFO  o.s.o.j.LocalContainerEntityManagerFactoryBean - Closing JPA EntityManagerFactory for persistence unit 'default'
14:02:51.150 [SpringApplicationShutdownHook] INFO  com.zaxxer.hikari.HikariDataSource - HikariPool-1 - Shutdown initiated...
14:02:51.151 [SpringApplicationShutdownHook] INFO  com.zaxxer.hikari.HikariDataSource - HikariPool-1 - Shutdown completed.
